{"/Users/shakedcrissy/Desktop/Assignment-2/Assignment-2/src/index.ts": {"path":"/Users/shakedcrissy/Desktop/Assignment-2/Assignment-2/src/index.ts","statementMap":{"0":{"start":{"line":1,"column":0},"end":{"line":1,"column":43}},"1":{"start":{"line":2,"column":0},"end":{"line":2,"column":32}},"2":{"start":{"line":3,"column":0},"end":{"line":3,"column":45}},"3":{"start":{"line":4,"column":0},"end":{"line":4,"column":51}},"4":{"start":{"line":5,"column":0},"end":{"line":5,"column":43}},"5":{"start":{"line":6,"column":0},"end":{"line":6,"column":51}},"6":{"start":{"line":8,"column":0},"end":{"line":8,"column":28}},"7":{"start":{"line":11,"column":0},"end":{"line":13,"column":1}},"8":{"start":{"line":12,"column":2},"end":{"line":12,"column":38}},"9":{"start":{"line":16,"column":12},"end":{"line":16,"column":21}},"10":{"start":{"line":17,"column":0},"end":{"line":17,"column":24}},"11":{"start":{"line":20,"column":0},"end":{"line":24,"column":4}},"12":{"start":{"line":27,"column":0},"end":{"line":27,"column":29}},"13":{"start":{"line":28,"column":0},"end":{"line":28,"column":30}},"14":{"start":{"line":29,"column":0},"end":{"line":29,"column":35}},"15":{"start":{"line":30,"column":0},"end":{"line":30,"column":28}},"16":{"start":{"line":33,"column":0},"end":{"line":36,"column":3}},"17":{"start":{"line":34,"column":2},"end":{"line":34,"column":52}},"18":{"start":{"line":35,"column":2},"end":{"line":35,"column":24}},"19":{"start":{"line":38,"column":16},"end":{"line":55,"column":1}},"20":{"start":{"line":39,"column":13},"end":{"line":53,"column":4}},"21":{"start":{"line":40,"column":18},"end":{"line":40,"column":42}},"22":{"start":{"line":41,"column":4},"end":{"line":44,"column":5}},"23":{"start":{"line":42,"column":6},"end":{"line":42,"column":44}},"24":{"start":{"line":43,"column":6},"end":{"line":43,"column":13}},"25":{"start":{"line":45,"column":4},"end":{"line":49,"column":9}},"26":{"start":{"line":48,"column":8},"end":{"line":48,"column":21}},"27":{"start":{"line":50,"column":15},"end":{"line":50,"column":34}},"28":{"start":{"line":51,"column":4},"end":{"line":51,"column":52}},"29":{"start":{"line":51,"column":30},"end":{"line":51,"column":50}},"30":{"start":{"line":52,"column":4},"end":{"line":52,"column":64}},"31":{"start":{"line":52,"column":26},"end":{"line":52,"column":62}},"32":{"start":{"line":54,"column":2},"end":{"line":54,"column":12}},"33":{"start":{"line":57,"column":0},"end":{"line":57,"column":23}}},"fnMap":{"0":{"name":"(anonymous_1)","decl":{"start":{"line":33,"column":26},"end":{"line":33,"column":27}},"loc":{"start":{"line":33,"column":39},"end":{"line":36,"column":1}}},"1":{"name":"(anonymous_2)","decl":{"start":{"line":38,"column":16},"end":{"line":38,"column":19}},"loc":{"start":{"line":38,"column":21},"end":{"line":55,"column":1}}},"2":{"name":"(anonymous_3)","decl":{"start":{"line":39,"column":34},"end":{"line":39,"column":35}},"loc":{"start":{"line":39,"column":54},"end":{"line":53,"column":3}}},"3":{"name":"(anonymous_4)","decl":{"start":{"line":47,"column":12},"end":{"line":47,"column":15}},"loc":{"start":{"line":47,"column":17},"end":{"line":49,"column":7}}},"4":{"name":"(anonymous_5)","decl":{"start":{"line":51,"column":19},"end":{"line":51,"column":20}},"loc":{"start":{"line":51,"column":30},"end":{"line":51,"column":50}}},"5":{"name":"(anonymous_6)","decl":{"start":{"line":52,"column":20},"end":{"line":52,"column":23}},"loc":{"start":{"line":52,"column":26},"end":{"line":52,"column":62}}}},"branchMap":{"0":{"loc":{"start":{"line":11,"column":0},"end":{"line":13,"column":1}},"type":"if","locations":[{"start":{"line":11,"column":0},"end":{"line":13,"column":1}}]},"1":{"loc":{"start":{"line":41,"column":4},"end":{"line":44,"column":5}},"type":"if","locations":[{"start":{"line":41,"column":4},"end":{"line":44,"column":5}}]}},"s":{"0":3,"1":3,"2":3,"3":3,"4":3,"5":3,"6":3,"7":3,"8":0,"9":3,"10":3,"11":3,"12":3,"13":3,"14":3,"15":3,"16":3,"17":0,"18":0,"19":3,"20":3,"21":3,"22":3,"23":0,"24":0,"25":3,"26":3,"27":3,"28":3,"29":0,"30":3,"31":3,"32":3,"33":3},"f":{"0":0,"1":3,"2":3,"3":3,"4":0,"5":3},"b":{"0":[0],"1":[0]}}
,"/Users/shakedcrissy/Desktop/Assignment-2/Assignment-2/src/swagger.ts": {"path":"/Users/shakedcrissy/Desktop/Assignment-2/Assignment-2/src/swagger.ts","statementMap":{"0":{"start":{"line":1,"column":0},"end":{"line":1,"column":41}},"1":{"start":{"line":2,"column":0},"end":{"line":2,"column":7}},"2":{"start":{"line":561,"column":9},"end":{"line":2,"column":43}},"3":{"start":{"line":4,"column":38},"end":{"line":207,"column":2}},"4":{"start":{"line":209,"column":20},"end":{"line":545,"column":2}},"5":{"start":{"line":547,"column":46},"end":{"line":557,"column":2}},"6":{"start":{"line":559,"column":20},"end":{"line":559,"column":49}},"7":{"start":{"line":561,"column":20},"end":{"line":561,"column":31}}},"fnMap":{},"branchMap":{"0":{"loc":{"start":{"line":18,"column":33},"end":{"line":18,"column":57}},"type":"binary-expr","locations":[{"start":{"line":18,"column":33},"end":{"line":18,"column":49}},{"start":{"line":18,"column":53},"end":{"line":18,"column":57}}]}},"s":{"0":3,"1":3,"2":3,"3":3,"4":3,"5":3,"6":3,"7":3},"f":{},"b":{"0":[3,3]}}
,"/Users/shakedcrissy/Desktop/Assignment-2/Assignment-2/src/controllers/authController.ts": {"path":"/Users/shakedcrissy/Desktop/Assignment-2/Assignment-2/src/controllers/authController.ts","statementMap":{"0":{"start":{"line":2,"column":0},"end":{"line":2,"column":28}},"1":{"start":{"line":3,"column":0},"end":{"line":3,"column":43}},"2":{"start":{"line":5,"column":0},"end":{"line":5,"column":39}},"3":{"start":{"line":7,"column":18},"end":{"line":9,"column":1}},"4":{"start":{"line":8,"column":2},"end":{"line":8,"column":44}},"5":{"start":{"line":16,"column":22},"end":{"line":43,"column":1}},"6":{"start":{"line":17,"column":17},"end":{"line":17,"column":49}},"7":{"start":{"line":18,"column":2},"end":{"line":20,"column":3}},"8":{"start":{"line":19,"column":4},"end":{"line":19,"column":49}},"9":{"start":{"line":23,"column":5},"end":{"line":23,"column":58}},"10":{"start":{"line":26,"column":5},"end":{"line":26,"column":68}},"11":{"start":{"line":28,"column":16},"end":{"line":31,"column":null}},"12":{"start":{"line":34,"column":15},"end":{"line":34,"column":52}},"13":{"start":{"line":36,"column":23},"end":{"line":39,"column":null}},"14":{"start":{"line":42,"column":2},"end":{"line":42,"column":33}},"15":{"start":{"line":45,"column":17},"end":{"line":74,"column":2}},"16":{"start":{"line":45,"column":55},"end":{"line":74,"column":2}},"17":{"start":{"line":46,"column":40},"end":{"line":46,"column":48}},"18":{"start":{"line":48,"column":2},"end":{"line":50,"column":3}},"19":{"start":{"line":49,"column":4},"end":{"line":49,"column":66}},"20":{"start":{"line":52,"column":2},"end":{"line":73,"column":3}},"21":{"start":{"line":53,"column":17},"end":{"line":53,"column":41}},"22":{"start":{"line":54,"column":27},"end":{"line":54,"column":60}},"23":{"start":{"line":56,"column":17},"end":{"line":61,"column":6}},"24":{"start":{"line":63,"column":19},"end":{"line":63,"column":53}},"25":{"start":{"line":64,"column":4},"end":{"line":64,"column":49}},"26":{"start":{"line":65,"column":4},"end":{"line":65,"column":22}},"27":{"start":{"line":67,"column":4},"end":{"line":70,"column":7}},"28":{"start":{"line":72,"column":4},"end":{"line":72,"column":56}},"29":{"start":{"line":76,"column":14},"end":{"line":102,"column":2}},"30":{"start":{"line":76,"column":52},"end":{"line":102,"column":2}},"31":{"start":{"line":77,"column":30},"end":{"line":77,"column":38}},"32":{"start":{"line":79,"column":2},"end":{"line":81,"column":3}},"33":{"start":{"line":80,"column":4},"end":{"line":80,"column":66}},"34":{"start":{"line":83,"column":2},"end":{"line":101,"column":3}},"35":{"start":{"line":84,"column":17},"end":{"line":84,"column":66}},"36":{"start":{"line":85,"column":4},"end":{"line":87,"column":5}},"37":{"start":{"line":86,"column":6},"end":{"line":86,"column":62}},"38":{"start":{"line":89,"column":20},"end":{"line":89,"column":65}},"39":{"start":{"line":90,"column":4},"end":{"line":92,"column":5}},"40":{"start":{"line":91,"column":6},"end":{"line":91,"column":62}},"41":{"start":{"line":94,"column":19},"end":{"line":94,"column":53}},"42":{"start":{"line":95,"column":4},"end":{"line":95,"column":49}},"43":{"start":{"line":96,"column":4},"end":{"line":96,"column":22}},"44":{"start":{"line":98,"column":4},"end":{"line":98,"column":40}},"45":{"start":{"line":100,"column":4},"end":{"line":100,"column":56}},"46":{"start":{"line":104,"column":21},"end":{"line":142,"column":2}},"47":{"start":{"line":104,"column":59},"end":{"line":142,"column":2}},"48":{"start":{"line":105,"column":27},"end":{"line":105,"column":35}},"49":{"start":{"line":107,"column":2},"end":{"line":109,"column":3}},"50":{"start":{"line":108,"column":4},"end":{"line":108,"column":60}},"51":{"start":{"line":111,"column":17},"end":{"line":111,"column":49}},"52":{"start":{"line":112,"column":2},"end":{"line":114,"column":3}},"53":{"start":{"line":113,"column":4},"end":{"line":113,"column":60}},"54":{"start":{"line":116,"column":2},"end":{"line":141,"column":3}},"55":{"start":{"line":117,"column":20},"end":{"line":117,"column":71}},"56":{"start":{"line":118,"column":17},"end":{"line":118,"column":49}},"57":{"start":{"line":120,"column":4},"end":{"line":122,"column":5}},"58":{"start":{"line":121,"column":6},"end":{"line":121,"column":58}},"59":{"start":{"line":124,"column":4},"end":{"line":128,"column":5}},"60":{"start":{"line":125,"column":6},"end":{"line":125,"column":30}},"61":{"start":{"line":126,"column":6},"end":{"line":126,"column":24}},"62":{"start":{"line":127,"column":6},"end":{"line":127,"column":58}},"63":{"start":{"line":130,"column":19},"end":{"line":130,"column":53}},"64":{"start":{"line":132,"column":4},"end":{"line":134,"column":6}},"65":{"start":{"line":133,"column":21},"end":{"line":133,"column":39}},"66":{"start":{"line":135,"column":4},"end":{"line":135,"column":49}},"67":{"start":{"line":136,"column":4},"end":{"line":136,"column":22}},"68":{"start":{"line":138,"column":4},"end":{"line":138,"column":40}},"69":{"start":{"line":140,"column":4},"end":{"line":140,"column":56}},"70":{"start":{"line":144,"column":15},"end":{"line":178,"column":2}},"71":{"start":{"line":144,"column":53},"end":{"line":178,"column":2}},"72":{"start":{"line":145,"column":27},"end":{"line":145,"column":35}},"73":{"start":{"line":147,"column":2},"end":{"line":149,"column":3}},"74":{"start":{"line":148,"column":4},"end":{"line":148,"column":60}},"75":{"start":{"line":151,"column":17},"end":{"line":151,"column":49}},"76":{"start":{"line":152,"column":2},"end":{"line":154,"column":3}},"77":{"start":{"line":153,"column":4},"end":{"line":153,"column":60}},"78":{"start":{"line":156,"column":2},"end":{"line":177,"column":3}},"79":{"start":{"line":157,"column":20},"end":{"line":157,"column":71}},"80":{"start":{"line":158,"column":17},"end":{"line":158,"column":49}},"81":{"start":{"line":160,"column":4},"end":{"line":162,"column":5}},"82":{"start":{"line":161,"column":6},"end":{"line":161,"column":58}},"83":{"start":{"line":164,"column":19},"end":{"line":164,"column":44}},"84":{"start":{"line":165,"column":4},"end":{"line":167,"column":6}},"85":{"start":{"line":166,"column":21},"end":{"line":166,"column":39}},"86":{"start":{"line":169,"column":4},"end":{"line":171,"column":5}},"87":{"start":{"line":170,"column":6},"end":{"line":170,"column":58}},"88":{"start":{"line":173,"column":4},"end":{"line":173,"column":22}},"89":{"start":{"line":174,"column":4},"end":{"line":174,"column":72}},"90":{"start":{"line":176,"column":4},"end":{"line":176,"column":56}},"91":{"start":{"line":180,"column":0},"end":{"line":185,"column":2}}},"fnMap":{"0":{"name":"(anonymous_8)","decl":{"start":{"line":7,"column":18},"end":{"line":7,"column":19}},"loc":{"start":{"line":7,"column":67},"end":{"line":9,"column":1}}},"1":{"name":"(anonymous_9)","decl":{"start":{"line":16,"column":22},"end":{"line":16,"column":23}},"loc":{"start":{"line":16,"column":58},"end":{"line":43,"column":1}}},"2":{"name":"(anonymous_10)","decl":{"start":{"line":45,"column":17},"end":{"line":45,"column":24}},"loc":{"start":{"line":45,"column":55},"end":{"line":74,"column":2}}},"3":{"name":"(anonymous_11)","decl":{"start":{"line":45,"column":55},"end":{"line":45,"column":null}},"loc":{"start":{"line":45,"column":55},"end":{"line":74,"column":1}}},"4":{"name":"(anonymous_12)","decl":{"start":{"line":76,"column":14},"end":{"line":76,"column":21}},"loc":{"start":{"line":76,"column":52},"end":{"line":102,"column":2}}},"5":{"name":"(anonymous_13)","decl":{"start":{"line":76,"column":52},"end":{"line":76,"column":null}},"loc":{"start":{"line":76,"column":52},"end":{"line":102,"column":1}}},"6":{"name":"(anonymous_14)","decl":{"start":{"line":104,"column":21},"end":{"line":104,"column":28}},"loc":{"start":{"line":104,"column":59},"end":{"line":142,"column":2}}},"7":{"name":"(anonymous_15)","decl":{"start":{"line":104,"column":59},"end":{"line":104,"column":null}},"loc":{"start":{"line":104,"column":59},"end":{"line":142,"column":1}}},"8":{"name":"(anonymous_16)","decl":{"start":{"line":133,"column":6},"end":{"line":133,"column":7}},"loc":{"start":{"line":133,"column":21},"end":{"line":133,"column":39}}},"9":{"name":"(anonymous_17)","decl":{"start":{"line":144,"column":15},"end":{"line":144,"column":22}},"loc":{"start":{"line":144,"column":53},"end":{"line":178,"column":2}}},"10":{"name":"(anonymous_18)","decl":{"start":{"line":144,"column":53},"end":{"line":144,"column":null}},"loc":{"start":{"line":144,"column":53},"end":{"line":178,"column":1}}},"11":{"name":"(anonymous_19)","decl":{"start":{"line":166,"column":6},"end":{"line":166,"column":7}},"loc":{"start":{"line":166,"column":21},"end":{"line":166,"column":39}}}},"branchMap":{"0":{"loc":{"start":{"line":18,"column":2},"end":{"line":20,"column":3}},"type":"if","locations":[{"start":{"line":18,"column":2},"end":{"line":20,"column":3}}]},"1":{"loc":{"start":{"line":23,"column":5},"end":{"line":23,"column":58}},"type":"binary-expr","locations":[{"start":{"line":23,"column":5},"end":{"line":23,"column":47}},{"start":{"line":23,"column":51},"end":{"line":23,"column":58}}]},"2":{"loc":{"start":{"line":26,"column":5},"end":{"line":26,"column":68}},"type":"binary-expr","locations":[{"start":{"line":26,"column":5},"end":{"line":26,"column":57}},{"start":{"line":26,"column":61},"end":{"line":26,"column":68}}]},"3":{"loc":{"start":{"line":48,"column":2},"end":{"line":50,"column":3}},"type":"if","locations":[{"start":{"line":48,"column":2},"end":{"line":50,"column":3}}]},"4":{"loc":{"start":{"line":48,"column":6},"end":{"line":48,"column":25}},"type":"binary-expr","locations":[{"start":{"line":48,"column":6},"end":{"line":48,"column":12}},{"start":{"line":48,"column":16},"end":{"line":48,"column":25}}]},"5":{"loc":{"start":{"line":79,"column":2},"end":{"line":81,"column":3}},"type":"if","locations":[{"start":{"line":79,"column":2},"end":{"line":81,"column":3}}]},"6":{"loc":{"start":{"line":79,"column":6},"end":{"line":79,"column":25}},"type":"binary-expr","locations":[{"start":{"line":79,"column":6},"end":{"line":79,"column":12}},{"start":{"line":79,"column":16},"end":{"line":79,"column":25}}]},"7":{"loc":{"start":{"line":85,"column":4},"end":{"line":87,"column":5}},"type":"if","locations":[{"start":{"line":85,"column":4},"end":{"line":87,"column":5}}]},"8":{"loc":{"start":{"line":90,"column":4},"end":{"line":92,"column":5}},"type":"if","locations":[{"start":{"line":90,"column":4},"end":{"line":92,"column":5}}]},"9":{"loc":{"start":{"line":107,"column":2},"end":{"line":109,"column":3}},"type":"if","locations":[{"start":{"line":107,"column":2},"end":{"line":109,"column":3}}]},"10":{"loc":{"start":{"line":112,"column":2},"end":{"line":114,"column":3}},"type":"if","locations":[{"start":{"line":112,"column":2},"end":{"line":114,"column":3}}]},"11":{"loc":{"start":{"line":120,"column":4},"end":{"line":122,"column":5}},"type":"if","locations":[{"start":{"line":120,"column":4},"end":{"line":122,"column":5}}]},"12":{"loc":{"start":{"line":124,"column":4},"end":{"line":128,"column":5}},"type":"if","locations":[{"start":{"line":124,"column":4},"end":{"line":128,"column":5}}]},"13":{"loc":{"start":{"line":147,"column":2},"end":{"line":149,"column":3}},"type":"if","locations":[{"start":{"line":147,"column":2},"end":{"line":149,"column":3}}]},"14":{"loc":{"start":{"line":152,"column":2},"end":{"line":154,"column":3}},"type":"if","locations":[{"start":{"line":152,"column":2},"end":{"line":154,"column":3}}]},"15":{"loc":{"start":{"line":160,"column":4},"end":{"line":162,"column":5}},"type":"if","locations":[{"start":{"line":160,"column":4},"end":{"line":162,"column":5}}]},"16":{"loc":{"start":{"line":169,"column":4},"end":{"line":171,"column":5}},"type":"if","locations":[{"start":{"line":169,"column":4},"end":{"line":171,"column":5}}]}},"s":{"0":3,"1":3,"2":3,"3":3,"4":16,"5":3,"6":7,"7":7,"8":0,"9":7,"10":7,"11":7,"12":7,"13":7,"14":7,"15":3,"16":7,"17":7,"18":7,"19":2,"20":5,"21":5,"22":5,"23":5,"24":2,"25":2,"26":2,"27":2,"28":3,"29":3,"30":7,"31":7,"32":7,"33":2,"34":5,"35":5,"36":5,"37":1,"38":4,"39":4,"40":1,"41":3,"42":3,"43":3,"44":3,"45":0,"46":3,"47":7,"48":7,"49":7,"50":1,"51":6,"52":6,"53":0,"54":6,"55":6,"56":5,"57":5,"58":0,"59":5,"60":3,"61":3,"62":3,"63":2,"64":2,"65":3,"66":2,"67":2,"68":2,"69":1,"70":3,"71":3,"72":3,"73":3,"74":1,"75":2,"76":2,"77":0,"78":2,"79":2,"80":1,"81":1,"82":0,"83":1,"84":1,"85":2,"86":1,"87":0,"88":1,"89":1,"90":1,"91":3},"f":{"0":16,"1":7,"2":7,"3":7,"4":7,"5":7,"6":7,"7":7,"8":3,"9":3,"10":3,"11":2},"b":{"0":[0],"1":[7,0],"2":[7,7],"3":[2],"4":[7,6],"5":[2],"6":[7,6],"7":[1],"8":[1],"9":[1],"10":[0],"11":[0],"12":[3],"13":[1],"14":[0],"15":[0],"16":[0]}}
,"/Users/shakedcrissy/Desktop/Assignment-2/Assignment-2/src/controllers/baseController.ts": {"path":"/Users/shakedcrissy/Desktop/Assignment-2/Assignment-2/src/controllers/baseController.ts","statementMap":{"0":{"start":{"line":7,"column":4},"end":{"line":7,"column":23}},"1":{"start":{"line":11,"column":4},"end":{"line":20,"column":5}},"2":{"start":{"line":12,"column":23},"end":{"line":12,"column":62}},"3":{"start":{"line":13,"column":19},"end":{"line":13,"column":88}},"4":{"start":{"line":14,"column":6},"end":{"line":14,"column":21}},"5":{"start":{"line":15,"column":6},"end":{"line":15,"column":13}},"6":{"start":{"line":17,"column":6},"end":{"line":17,"column":25}},"7":{"start":{"line":18,"column":6},"end":{"line":18,"column":52}},"8":{"start":{"line":19,"column":6},"end":{"line":19,"column":13}},"9":{"start":{"line":24,"column":15},"end":{"line":24,"column":28}},"10":{"start":{"line":25,"column":4},"end":{"line":37,"column":5}},"11":{"start":{"line":26,"column":19},"end":{"line":26,"column":48}},"12":{"start":{"line":27,"column":6},"end":{"line":30,"column":7}},"13":{"start":{"line":28,"column":8},"end":{"line":28,"column":42}},"14":{"start":{"line":29,"column":8},"end":{"line":29,"column":15}},"15":{"start":{"line":31,"column":6},"end":{"line":31,"column":21}},"16":{"start":{"line":32,"column":6},"end":{"line":32,"column":13}},"17":{"start":{"line":34,"column":6},"end":{"line":34,"column":25}},"18":{"start":{"line":35,"column":6},"end":{"line":35,"column":53}},"19":{"start":{"line":36,"column":6},"end":{"line":36,"column":13}},"20":{"start":{"line":41,"column":4},"end":{"line":49,"column":5}},"21":{"start":{"line":42,"column":19},"end":{"line":42,"column":52}},"22":{"start":{"line":43,"column":6},"end":{"line":43,"column":33}},"23":{"start":{"line":44,"column":6},"end":{"line":44,"column":13}},"24":{"start":{"line":46,"column":6},"end":{"line":46,"column":25}},"25":{"start":{"line":47,"column":6},"end":{"line":47,"column":45}},"26":{"start":{"line":48,"column":6},"end":{"line":48,"column":13}},"27":{"start":{"line":53,"column":15},"end":{"line":53,"column":28}},"28":{"start":{"line":54,"column":4},"end":{"line":62,"column":5}},"29":{"start":{"line":55,"column":26},"end":{"line":55,"column":64}},"30":{"start":{"line":56,"column":6},"end":{"line":56,"column":40}},"31":{"start":{"line":57,"column":6},"end":{"line":57,"column":13}},"32":{"start":{"line":59,"column":6},"end":{"line":59,"column":25}},"33":{"start":{"line":60,"column":6},"end":{"line":60,"column":45}},"34":{"start":{"line":61,"column":6},"end":{"line":61,"column":13}},"35":{"start":{"line":66,"column":15},"end":{"line":66,"column":28}},"36":{"start":{"line":67,"column":4},"end":{"line":75,"column":5}},"37":{"start":{"line":68,"column":19},"end":{"line":68,"column":82}},"38":{"start":{"line":69,"column":6},"end":{"line":69,"column":21}},"39":{"start":{"line":70,"column":6},"end":{"line":70,"column":13}},"40":{"start":{"line":72,"column":6},"end":{"line":72,"column":25}},"41":{"start":{"line":73,"column":6},"end":{"line":73,"column":45}},"42":{"start":{"line":74,"column":6},"end":{"line":74,"column":13}},"43":{"start":{"line":79,"column":0},"end":{"line":79,"column":30}}},"fnMap":{"0":{"name":"(anonymous_7)","decl":{"start":{"line":6,"column":2},"end":{"line":6,"column":14}},"loc":{"start":{"line":6,"column":24},"end":{"line":8,"column":3}}},"1":{"name":"(anonymous_8)","decl":{"start":{"line":10,"column":8},"end":{"line":10,"column":14}},"loc":{"start":{"line":10,"column":42},"end":{"line":21,"column":null}}},"2":{"name":"(anonymous_10)","decl":{"start":{"line":23,"column":8},"end":{"line":23,"column":15}},"loc":{"start":{"line":23,"column":43},"end":{"line":38,"column":null}}},"3":{"name":"(anonymous_12)","decl":{"start":{"line":40,"column":8},"end":{"line":40,"column":14}},"loc":{"start":{"line":40,"column":42},"end":{"line":50,"column":null}}},"4":{"name":"(anonymous_14)","decl":{"start":{"line":52,"column":8},"end":{"line":52,"column":11}},"loc":{"start":{"line":52,"column":39},"end":{"line":63,"column":null}}},"5":{"name":"(anonymous_16)","decl":{"start":{"line":65,"column":8},"end":{"line":65,"column":14}},"loc":{"start":{"line":65,"column":42},"end":{"line":76,"column":null}}}},"branchMap":{"0":{"loc":{"start":{"line":12,"column":35},"end":{"line":12,"column":50}},"type":"binary-expr","locations":[{"start":{"line":12,"column":35},"end":{"line":12,"column":44}},{"start":{"line":12,"column":48},"end":{"line":12,"column":50}}]},"1":{"loc":{"start":{"line":13,"column":19},"end":{"line":13,"column":88}},"type":"cond-expr","locations":[{"start":{"line":13,"column":30},"end":{"line":13,"column":62}},{"start":{"line":13,"column":65},"end":{"line":13,"column":88}}]},"2":{"loc":{"start":{"line":27,"column":6},"end":{"line":30,"column":7}},"type":"if","locations":[{"start":{"line":27,"column":6},"end":{"line":30,"column":7}}]}},"s":{"0":6,"1":5,"2":5,"3":5,"4":5,"5":5,"6":0,"7":0,"8":0,"9":5,"10":5,"11":5,"12":5,"13":3,"14":3,"15":2,"16":2,"17":0,"18":0,"19":0,"20":9,"21":9,"22":9,"23":9,"24":0,"25":0,"26":0,"27":2,"28":2,"29":2,"30":2,"31":2,"32":0,"33":0,"34":0,"35":2,"36":2,"37":2,"38":2,"39":2,"40":0,"41":0,"42":0,"43":3},"f":{"0":6,"1":5,"2":5,"3":9,"4":2,"5":2},"b":{"0":[5,0],"1":[1,4],"2":[3]}}
,"/Users/shakedcrissy/Desktop/Assignment-2/Assignment-2/src/controllers/commentsController.ts": {"path":"/Users/shakedcrissy/Desktop/Assignment-2/Assignment-2/src/controllers/commentsController.ts","statementMap":{"0":{"start":{"line":1,"column":0},"end":{"line":1,"column":50}},"1":{"start":{"line":3,"column":0},"end":{"line":3,"column":46}},"2":{"start":{"line":8,"column":4},"end":{"line":8,"column":24}},"3":{"start":{"line":12,"column":4},"end":{"line":14,"column":5}},"4":{"start":{"line":13,"column":6},"end":{"line":13,"column":37}},"5":{"start":{"line":15,"column":4},"end":{"line":15,"column":34}},"6":{"start":{"line":19,"column":15},"end":{"line":19,"column":28}},"7":{"start":{"line":21,"column":4},"end":{"line":40,"column":5}},"8":{"start":{"line":22,"column":22},"end":{"line":22,"column":51}},"9":{"start":{"line":23,"column":6},"end":{"line":26,"column":7}},"10":{"start":{"line":24,"column":8},"end":{"line":24,"column":50}},"11":{"start":{"line":25,"column":8},"end":{"line":25,"column":15}},"12":{"start":{"line":28,"column":6},"end":{"line":36,"column":7}},"13":{"start":{"line":29,"column":8},"end":{"line":29,"column":28}},"14":{"start":{"line":30,"column":8},"end":{"line":30,"column":15}},"15":{"start":{"line":32,"column":8},"end":{"line":34,"column":70}},"16":{"start":{"line":35,"column":8},"end":{"line":35,"column":15}},"17":{"start":{"line":38,"column":6},"end":{"line":38,"column":25}},"18":{"start":{"line":39,"column":6},"end":{"line":39,"column":53}},"19":{"start":{"line":44,"column":15},"end":{"line":44,"column":28}},"20":{"start":{"line":46,"column":4},"end":{"line":73,"column":5}},"21":{"start":{"line":47,"column":22},"end":{"line":47,"column":51}},"22":{"start":{"line":48,"column":6},"end":{"line":51,"column":7}},"23":{"start":{"line":49,"column":8},"end":{"line":49,"column":50}},"24":{"start":{"line":50,"column":8},"end":{"line":50,"column":15}},"25":{"start":{"line":53,"column":6},"end":{"line":58,"column":7}},"26":{"start":{"line":54,"column":8},"end":{"line":56,"column":70}},"27":{"start":{"line":57,"column":8},"end":{"line":57,"column":15}},"28":{"start":{"line":60,"column":6},"end":{"line":66,"column":7}},"29":{"start":{"line":64,"column":8},"end":{"line":64,"column":69}},"30":{"start":{"line":65,"column":8},"end":{"line":65,"column":15}},"31":{"start":{"line":68,"column":6},"end":{"line":68,"column":29}},"32":{"start":{"line":69,"column":6},"end":{"line":69,"column":13}},"33":{"start":{"line":71,"column":6},"end":{"line":71,"column":25}},"34":{"start":{"line":72,"column":6},"end":{"line":72,"column":53}},"35":{"start":{"line":77,"column":0},"end":{"line":77,"column":40}}},"fnMap":{"0":{"name":"(anonymous_8)","decl":{"start":{"line":7,"column":2},"end":{"line":7,"column":null}},"loc":{"start":{"line":7,"column":2},"end":{"line":9,"column":3}}},"1":{"name":"(anonymous_9)","decl":{"start":{"line":11,"column":8},"end":{"line":11,"column":14}},"loc":{"start":{"line":11,"column":46},"end":{"line":16,"column":null}}},"2":{"name":"(anonymous_12)","decl":{"start":{"line":18,"column":8},"end":{"line":18,"column":11}},"loc":{"start":{"line":18,"column":43},"end":{"line":41,"column":null}}},"3":{"name":"(anonymous_15)","decl":{"start":{"line":43,"column":8},"end":{"line":43,"column":14}},"loc":{"start":{"line":43,"column":46},"end":{"line":74,"column":null}}}},"branchMap":{"0":{"loc":{"start":{"line":12,"column":4},"end":{"line":14,"column":5}},"type":"if","locations":[{"start":{"line":12,"column":4},"end":{"line":14,"column":5}}]},"1":{"loc":{"start":{"line":23,"column":6},"end":{"line":26,"column":7}},"type":"if","locations":[{"start":{"line":23,"column":6},"end":{"line":26,"column":7}}]},"2":{"loc":{"start":{"line":28,"column":6},"end":{"line":36,"column":7}},"type":"if","locations":[{"start":{"line":28,"column":6},"end":{"line":36,"column":7}},{"start":{"line":31,"column":13},"end":{"line":36,"column":7}}]},"3":{"loc":{"start":{"line":28,"column":10},"end":{"line":28,"column":64}},"type":"binary-expr","locations":[{"start":{"line":28,"column":10},"end":{"line":28,"column":18}},{"start":{"line":28,"column":22},"end":{"line":28,"column":64}}]},"4":{"loc":{"start":{"line":48,"column":6},"end":{"line":51,"column":7}},"type":"if","locations":[{"start":{"line":48,"column":6},"end":{"line":51,"column":7}}]},"5":{"loc":{"start":{"line":53,"column":6},"end":{"line":58,"column":7}},"type":"if","locations":[{"start":{"line":53,"column":6},"end":{"line":58,"column":7}}]},"6":{"loc":{"start":{"line":53,"column":10},"end":{"line":53,"column":65}},"type":"binary-expr","locations":[{"start":{"line":53,"column":10},"end":{"line":53,"column":19}},{"start":{"line":53,"column":23},"end":{"line":53,"column":65}}]},"7":{"loc":{"start":{"line":60,"column":6},"end":{"line":66,"column":7}},"type":"if","locations":[{"start":{"line":60,"column":6},"end":{"line":66,"column":7}}]},"8":{"loc":{"start":{"line":61,"column":8},"end":{"line":62,"column":53}},"type":"binary-expr","locations":[{"start":{"line":61,"column":8},"end":{"line":61,"column":23}},{"start":{"line":62,"column":8},"end":{"line":62,"column":53}}]}},"s":{"0":3,"1":3,"2":3,"3":4,"4":4,"5":4,"6":2,"7":2,"8":2,"9":2,"10":1,"11":1,"12":1,"13":1,"14":1,"15":0,"16":0,"17":0,"18":0,"19":2,"20":2,"21":2,"22":2,"23":1,"24":1,"25":1,"26":0,"27":0,"28":1,"29":0,"30":0,"31":1,"32":1,"33":0,"34":0,"35":3},"f":{"0":3,"1":4,"2":2,"3":2},"b":{"0":[4],"1":[1],"2":[1,0],"3":[1,1],"4":[1],"5":[0],"6":[1,1],"7":[0],"8":[1,0]}}
,"/Users/shakedcrissy/Desktop/Assignment-2/Assignment-2/src/controllers/postsController.ts": {"path":"/Users/shakedcrissy/Desktop/Assignment-2/Assignment-2/src/controllers/postsController.ts","statementMap":{"0":{"start":{"line":1,"column":0},"end":{"line":1,"column":44}},"1":{"start":{"line":3,"column":0},"end":{"line":3,"column":46}},"2":{"start":{"line":8,"column":4},"end":{"line":8,"column":21}},"3":{"start":{"line":12,"column":20},"end":{"line":12,"column":38}},"4":{"start":{"line":14,"column":4},"end":{"line":16,"column":5}},"5":{"start":{"line":15,"column":7},"end":{"line":15,"column":53}},"6":{"start":{"line":18,"column":4},"end":{"line":18,"column":33}},"7":{"start":{"line":22,"column":20},"end":{"line":22,"column":38}},"8":{"start":{"line":23,"column":15},"end":{"line":23,"column":28}},"9":{"start":{"line":25,"column":4},"end":{"line":46,"column":5}},"10":{"start":{"line":26,"column":24},"end":{"line":26,"column":53}},"11":{"start":{"line":27,"column":6},"end":{"line":30,"column":7}},"12":{"start":{"line":28,"column":8},"end":{"line":28,"column":47}},"13":{"start":{"line":29,"column":8},"end":{"line":29,"column":15}},"14":{"start":{"line":32,"column":24},"end":{"line":32,"column":52}},"15":{"start":{"line":33,"column":21},"end":{"line":33,"column":73}},"16":{"start":{"line":35,"column":6},"end":{"line":38,"column":7}},"17":{"start":{"line":36,"column":8},"end":{"line":36,"column":34}},"18":{"start":{"line":37,"column":8},"end":{"line":37,"column":15}},"19":{"start":{"line":40,"column":6},"end":{"line":40,"column":78}},"20":{"start":{"line":41,"column":6},"end":{"line":41,"column":13}},"21":{"start":{"line":43,"column":6},"end":{"line":43,"column":25}},"22":{"start":{"line":44,"column":6},"end":{"line":44,"column":50}},"23":{"start":{"line":45,"column":6},"end":{"line":45,"column":13}},"24":{"start":{"line":50,"column":20},"end":{"line":50,"column":38}},"25":{"start":{"line":51,"column":15},"end":{"line":51,"column":28}},"26":{"start":{"line":53,"column":4},"end":{"line":81,"column":5}},"27":{"start":{"line":54,"column":24},"end":{"line":54,"column":53}},"28":{"start":{"line":55,"column":6},"end":{"line":58,"column":7}},"29":{"start":{"line":56,"column":8},"end":{"line":56,"column":47}},"30":{"start":{"line":57,"column":8},"end":{"line":57,"column":15}},"31":{"start":{"line":60,"column":24},"end":{"line":60,"column":52}},"32":{"start":{"line":61,"column":21},"end":{"line":61,"column":73}},"33":{"start":{"line":63,"column":6},"end":{"line":66,"column":7}},"34":{"start":{"line":64,"column":8},"end":{"line":64,"column":80}},"35":{"start":{"line":65,"column":8},"end":{"line":65,"column":15}},"36":{"start":{"line":68,"column":6},"end":{"line":71,"column":7}},"37":{"start":{"line":69,"column":8},"end":{"line":69,"column":66}},"38":{"start":{"line":70,"column":8},"end":{"line":70,"column":15}},"39":{"start":{"line":73,"column":7},"end":{"line":73,"column":46}},"40":{"start":{"line":75,"column":6},"end":{"line":75,"column":35}},"41":{"start":{"line":76,"column":6},"end":{"line":76,"column":13}},"42":{"start":{"line":78,"column":6},"end":{"line":78,"column":25}},"43":{"start":{"line":79,"column":6},"end":{"line":79,"column":50}},"44":{"start":{"line":80,"column":6},"end":{"line":80,"column":13}},"45":{"start":{"line":85,"column":0},"end":{"line":85,"column":37}}},"fnMap":{"0":{"name":"(anonymous_8)","decl":{"start":{"line":7,"column":2},"end":{"line":7,"column":null}},"loc":{"start":{"line":7,"column":2},"end":{"line":9,"column":3}}},"1":{"name":"(anonymous_9)","decl":{"start":{"line":11,"column":8},"end":{"line":11,"column":14}},"loc":{"start":{"line":11,"column":42},"end":{"line":19,"column":null}}},"2":{"name":"(anonymous_12)","decl":{"start":{"line":21,"column":8},"end":{"line":21,"column":11}},"loc":{"start":{"line":21,"column":39},"end":{"line":47,"column":null}}},"3":{"name":"(anonymous_15)","decl":{"start":{"line":49,"column":8},"end":{"line":49,"column":14}},"loc":{"start":{"line":49,"column":42},"end":{"line":82,"column":null}}}},"branchMap":{"0":{"loc":{"start":{"line":14,"column":4},"end":{"line":16,"column":5}},"type":"if","locations":[{"start":{"line":14,"column":4},"end":{"line":16,"column":5}}]},"1":{"loc":{"start":{"line":27,"column":6},"end":{"line":30,"column":7}},"type":"if","locations":[{"start":{"line":27,"column":6},"end":{"line":30,"column":7}}]},"2":{"loc":{"start":{"line":32,"column":24},"end":{"line":32,"column":52}},"type":"cond-expr","locations":[{"start":{"line":32,"column":48},"end":{"line":32,"column":52}},{"start":{"line":32,"column":48},"end":{"line":32,"column":52}}]},"3":{"loc":{"start":{"line":32,"column":24},"end":{"line":32,"column":52}},"type":"binary-expr","locations":[{"start":{"line":32,"column":24},"end":{"line":32,"column":52}},{"start":{"line":32,"column":48},"end":{"line":32,"column":52}}]},"4":{"loc":{"start":{"line":32,"column":24},"end":{"line":32,"column":48}},"type":"cond-expr","locations":[{"start":{"line":32,"column":38},"end":{"line":32,"column":40}},{"start":{"line":32,"column":38},"end":{"line":32,"column":48}}]},"5":{"loc":{"start":{"line":32,"column":24},"end":{"line":32,"column":40}},"type":"binary-expr","locations":[{"start":{"line":32,"column":24},"end":{"line":32,"column":40}},{"start":{"line":32,"column":38},"end":{"line":32,"column":40}}]},"6":{"loc":{"start":{"line":33,"column":21},"end":{"line":33,"column":73}},"type":"cond-expr","locations":[{"start":{"line":33,"column":52},"end":{"line":33,"column":56}},{"start":{"line":33,"column":56},"end":{"line":33,"column":73}}]},"7":{"loc":{"start":{"line":33,"column":21},"end":{"line":33,"column":56}},"type":"binary-expr","locations":[{"start":{"line":33,"column":21},"end":{"line":33,"column":56}},{"start":{"line":33,"column":52},"end":{"line":33,"column":56}}]},"8":{"loc":{"start":{"line":33,"column":21},"end":{"line":33,"column":52}},"type":"cond-expr","locations":[{"start":{"line":33,"column":48},"end":{"line":33,"column":52}},{"start":{"line":33,"column":48},"end":{"line":33,"column":52}}]},"9":{"loc":{"start":{"line":33,"column":21},"end":{"line":33,"column":52}},"type":"binary-expr","locations":[{"start":{"line":33,"column":21},"end":{"line":33,"column":52}},{"start":{"line":33,"column":48},"end":{"line":33,"column":52}}]},"10":{"loc":{"start":{"line":33,"column":21},"end":{"line":33,"column":48}},"type":"cond-expr","locations":[{"start":{"line":33,"column":38},"end":{"line":33,"column":40}},{"start":{"line":33,"column":38},"end":{"line":33,"column":48}}]},"11":{"loc":{"start":{"line":33,"column":21},"end":{"line":33,"column":40}},"type":"binary-expr","locations":[{"start":{"line":33,"column":21},"end":{"line":33,"column":40}},{"start":{"line":33,"column":38},"end":{"line":33,"column":40}}]},"12":{"loc":{"start":{"line":33,"column":21},"end":{"line":33,"column":38}},"type":"cond-expr","locations":[{"start":{"line":33,"column":33},"end":{"line":33,"column":35}},{"start":{"line":33,"column":33},"end":{"line":33,"column":38}}]},"13":{"loc":{"start":{"line":33,"column":21},"end":{"line":33,"column":35}},"type":"binary-expr","locations":[{"start":{"line":33,"column":21},"end":{"line":33,"column":35}},{"start":{"line":33,"column":33},"end":{"line":33,"column":35}}]},"14":{"loc":{"start":{"line":33,"column":56},"end":{"line":33,"column":73}},"type":"cond-expr","locations":[{"start":{"line":33,"column":68},"end":{"line":33,"column":70}},{"start":{"line":33,"column":68},"end":{"line":33,"column":73}}]},"15":{"loc":{"start":{"line":33,"column":56},"end":{"line":33,"column":70}},"type":"binary-expr","locations":[{"start":{"line":33,"column":56},"end":{"line":33,"column":70}},{"start":{"line":33,"column":68},"end":{"line":33,"column":70}}]},"16":{"loc":{"start":{"line":35,"column":6},"end":{"line":38,"column":7}},"type":"if","locations":[{"start":{"line":35,"column":6},"end":{"line":38,"column":7}}]},"17":{"loc":{"start":{"line":35,"column":10},"end":{"line":35,"column":40}},"type":"binary-expr","locations":[{"start":{"line":35,"column":10},"end":{"line":35,"column":16}},{"start":{"line":35,"column":20},"end":{"line":35,"column":40}}]},"18":{"loc":{"start":{"line":55,"column":6},"end":{"line":58,"column":7}},"type":"if","locations":[{"start":{"line":55,"column":6},"end":{"line":58,"column":7}}]},"19":{"loc":{"start":{"line":60,"column":24},"end":{"line":60,"column":52}},"type":"cond-expr","locations":[{"start":{"line":60,"column":48},"end":{"line":60,"column":52}},{"start":{"line":60,"column":48},"end":{"line":60,"column":52}}]},"20":{"loc":{"start":{"line":60,"column":24},"end":{"line":60,"column":52}},"type":"binary-expr","locations":[{"start":{"line":60,"column":24},"end":{"line":60,"column":52}},{"start":{"line":60,"column":48},"end":{"line":60,"column":52}}]},"21":{"loc":{"start":{"line":60,"column":24},"end":{"line":60,"column":48}},"type":"cond-expr","locations":[{"start":{"line":60,"column":38},"end":{"line":60,"column":40}},{"start":{"line":60,"column":38},"end":{"line":60,"column":48}}]},"22":{"loc":{"start":{"line":60,"column":24},"end":{"line":60,"column":40}},"type":"binary-expr","locations":[{"start":{"line":60,"column":24},"end":{"line":60,"column":40}},{"start":{"line":60,"column":38},"end":{"line":60,"column":40}}]},"23":{"loc":{"start":{"line":61,"column":21},"end":{"line":61,"column":73}},"type":"cond-expr","locations":[{"start":{"line":61,"column":52},"end":{"line":61,"column":56}},{"start":{"line":61,"column":56},"end":{"line":61,"column":73}}]},"24":{"loc":{"start":{"line":61,"column":21},"end":{"line":61,"column":56}},"type":"binary-expr","locations":[{"start":{"line":61,"column":21},"end":{"line":61,"column":56}},{"start":{"line":61,"column":52},"end":{"line":61,"column":56}}]},"25":{"loc":{"start":{"line":61,"column":21},"end":{"line":61,"column":52}},"type":"cond-expr","locations":[{"start":{"line":61,"column":48},"end":{"line":61,"column":52}},{"start":{"line":61,"column":48},"end":{"line":61,"column":52}}]},"26":{"loc":{"start":{"line":61,"column":21},"end":{"line":61,"column":52}},"type":"binary-expr","locations":[{"start":{"line":61,"column":21},"end":{"line":61,"column":52}},{"start":{"line":61,"column":48},"end":{"line":61,"column":52}}]},"27":{"loc":{"start":{"line":61,"column":21},"end":{"line":61,"column":48}},"type":"cond-expr","locations":[{"start":{"line":61,"column":38},"end":{"line":61,"column":40}},{"start":{"line":61,"column":38},"end":{"line":61,"column":48}}]},"28":{"loc":{"start":{"line":61,"column":21},"end":{"line":61,"column":40}},"type":"binary-expr","locations":[{"start":{"line":61,"column":21},"end":{"line":61,"column":40}},{"start":{"line":61,"column":38},"end":{"line":61,"column":40}}]},"29":{"loc":{"start":{"line":61,"column":21},"end":{"line":61,"column":38}},"type":"cond-expr","locations":[{"start":{"line":61,"column":33},"end":{"line":61,"column":35}},{"start":{"line":61,"column":33},"end":{"line":61,"column":38}}]},"30":{"loc":{"start":{"line":61,"column":21},"end":{"line":61,"column":35}},"type":"binary-expr","locations":[{"start":{"line":61,"column":21},"end":{"line":61,"column":35}},{"start":{"line":61,"column":33},"end":{"line":61,"column":35}}]},"31":{"loc":{"start":{"line":61,"column":56},"end":{"line":61,"column":73}},"type":"cond-expr","locations":[{"start":{"line":61,"column":68},"end":{"line":61,"column":70}},{"start":{"line":61,"column":68},"end":{"line":61,"column":73}}]},"32":{"loc":{"start":{"line":61,"column":56},"end":{"line":61,"column":70}},"type":"binary-expr","locations":[{"start":{"line":61,"column":56},"end":{"line":61,"column":70}},{"start":{"line":61,"column":68},"end":{"line":61,"column":70}}]},"33":{"loc":{"start":{"line":63,"column":6},"end":{"line":66,"column":7}},"type":"if","locations":[{"start":{"line":63,"column":6},"end":{"line":66,"column":7}}]},"34":{"loc":{"start":{"line":63,"column":10},"end":{"line":63,"column":41}},"type":"binary-expr","locations":[{"start":{"line":63,"column":10},"end":{"line":63,"column":17}},{"start":{"line":63,"column":21},"end":{"line":63,"column":41}}]},"35":{"loc":{"start":{"line":68,"column":6},"end":{"line":71,"column":7}},"type":"if","locations":[{"start":{"line":68,"column":6},"end":{"line":71,"column":7}}]},"36":{"loc":{"start":{"line":68,"column":10},"end":{"line":68,"column":94}},"type":"binary-expr","locations":[{"start":{"line":68,"column":10},"end":{"line":68,"column":38}},{"start":{"line":68,"column":43},"end":{"line":68,"column":94}}]},"37":{"loc":{"start":{"line":68,"column":10},"end":{"line":68,"column":38}},"type":"cond-expr","locations":[{"start":{"line":68,"column":27},"end":{"line":68,"column":29}},{"start":{"line":68,"column":27},"end":{"line":68,"column":38}}]},"38":{"loc":{"start":{"line":68,"column":10},"end":{"line":68,"column":29}},"type":"binary-expr","locations":[{"start":{"line":68,"column":10},"end":{"line":68,"column":29}},{"start":{"line":68,"column":27},"end":{"line":68,"column":29}}]}},"s":{"0":3,"1":3,"2":3,"3":5,"4":5,"5":5,"6":5,"7":1,"8":1,"9":1,"10":1,"11":1,"12":0,"13":0,"14":1,"15":1,"16":1,"17":1,"18":1,"19":0,"20":0,"21":0,"22":0,"23":0,"24":1,"25":1,"26":1,"27":1,"28":1,"29":0,"30":0,"31":1,"32":1,"33":1,"34":0,"35":0,"36":1,"37":0,"38":0,"39":1,"40":1,"41":1,"42":0,"43":0,"44":0,"45":3},"f":{"0":3,"1":5,"2":1,"3":1},"b":{"0":[5],"1":[0],"2":[0,1],"3":[1,1],"4":[0,1],"5":[1,1],"6":[1,0],"7":[1,1],"8":[0,1],"9":[1,1],"10":[0,1],"11":[1,1],"12":[0,1],"13":[1,1],"14":[0,0],"15":[0,0],"16":[1],"17":[1,1],"18":[0],"19":[0,1],"20":[1,1],"21":[0,1],"22":[1,1],"23":[1,0],"24":[1,1],"25":[0,1],"26":[1,1],"27":[0,1],"28":[1,1],"29":[0,1],"30":[1,1],"31":[0,0],"32":[0,0],"33":[0],"34":[1,1],"35":[0],"36":[1,0],"37":[0,1],"38":[1,1]}}
,"/Users/shakedcrissy/Desktop/Assignment-2/Assignment-2/src/middleware/authMiddleware.ts": {"path":"/Users/shakedcrissy/Desktop/Assignment-2/Assignment-2/src/middleware/authMiddleware.ts","statementMap":{"0":{"start":{"line":2,"column":0},"end":{"line":2,"column":31}},"1":{"start":{"line":7,"column":28},"end":{"line":24,"column":1}},"2":{"start":{"line":8,"column":23},"end":{"line":8,"column":48}},"3":{"start":{"line":9,"column":4},"end":{"line":11,"column":5}},"4":{"start":{"line":10,"column":8},"end":{"line":10,"column":67}},"5":{"start":{"line":12,"column":18},"end":{"line":12,"column":42}},"6":{"start":{"line":13,"column":4},"end":{"line":15,"column":5}},"7":{"start":{"line":14,"column":8},"end":{"line":14,"column":67}},"8":{"start":{"line":16,"column":19},"end":{"line":16,"column":61}},"9":{"start":{"line":17,"column":4},"end":{"line":23,"column":5}},"10":{"start":{"line":18,"column":24},"end":{"line":18,"column":68}},"11":{"start":{"line":19,"column":8},"end":{"line":19,"column":40}},"12":{"start":{"line":20,"column":8},"end":{"line":20,"column":15}},"13":{"start":{"line":22,"column":8},"end":{"line":22,"column":67}},"14":{"start":{"line":7,"column":13},"end":{"line":7,"column":28}}},"fnMap":{"0":{"name":"(anonymous_1)","decl":{"start":{"line":7,"column":28},"end":{"line":7,"column":29}},"loc":{"start":{"line":7,"column":84},"end":{"line":24,"column":1}}}},"branchMap":{"0":{"loc":{"start":{"line":9,"column":4},"end":{"line":11,"column":5}},"type":"if","locations":[{"start":{"line":9,"column":4},"end":{"line":11,"column":5}}]},"1":{"loc":{"start":{"line":9,"column":8},"end":{"line":9,"column":56}},"type":"binary-expr","locations":[{"start":{"line":9,"column":8},"end":{"line":9,"column":19}},{"start":{"line":9,"column":23},"end":{"line":9,"column":56}}]},"2":{"loc":{"start":{"line":13,"column":4},"end":{"line":15,"column":5}},"type":"if","locations":[{"start":{"line":13,"column":4},"end":{"line":15,"column":5}}]},"3":{"loc":{"start":{"line":16,"column":19},"end":{"line":16,"column":61}},"type":"binary-expr","locations":[{"start":{"line":16,"column":19},"end":{"line":16,"column":41}},{"start":{"line":16,"column":45},"end":{"line":16,"column":61}}]}},"s":{"0":3,"1":3,"2":22,"3":22,"4":4,"5":18,"6":18,"7":0,"8":18,"9":18,"10":18,"11":15,"12":15,"13":3,"14":3},"f":{"0":22},"b":{"0":[4],"1":[22,18],"2":[0],"3":[18,0]}}
,"/Users/shakedcrissy/Desktop/Assignment-2/Assignment-2/src/models/commentModel.ts": {"path":"/Users/shakedcrissy/Desktop/Assignment-2/Assignment-2/src/models/commentModel.ts","statementMap":{"0":{"start":{"line":1,"column":0},"end":{"line":1,"column":32}},"1":{"start":{"line":3,"column":22},"end":{"line":18,"column":2}},"2":{"start":{"line":20,"column":0},"end":{"line":20,"column":56}}},"fnMap":{},"branchMap":{},"s":{"0":3,"1":3,"2":3},"f":{},"b":{}}
,"/Users/shakedcrissy/Desktop/Assignment-2/Assignment-2/src/models/postModel.ts": {"path":"/Users/shakedcrissy/Desktop/Assignment-2/Assignment-2/src/models/postModel.ts","statementMap":{"0":{"start":{"line":1,"column":0},"end":{"line":1,"column":32}},"1":{"start":{"line":3,"column":19},"end":{"line":20,"column":null}},"2":{"start":{"line":23,"column":0},"end":{"line":23,"column":50}}},"fnMap":{},"branchMap":{},"s":{"0":3,"1":3,"2":3},"f":{},"b":{}}
,"/Users/shakedcrissy/Desktop/Assignment-2/Assignment-2/src/models/userModel.ts": {"path":"/Users/shakedcrissy/Desktop/Assignment-2/Assignment-2/src/models/userModel.ts","statementMap":{"0":{"start":{"line":1,"column":0},"end":{"line":1,"column":32}},"1":{"start":{"line":3,"column":19},"end":{"line":23,"column":2}},"2":{"start":{"line":25,"column":0},"end":{"line":25,"column":50}}},"fnMap":{},"branchMap":{},"s":{"0":3,"1":3,"2":3},"f":{},"b":{}}
,"/Users/shakedcrissy/Desktop/Assignment-2/Assignment-2/src/routes/authRoute.ts": {"path":"/Users/shakedcrissy/Desktop/Assignment-2/Assignment-2/src/routes/authRoute.ts","statementMap":{"0":{"start":{"line":1,"column":0},"end":{"line":1,"column":30}},"1":{"start":{"line":2,"column":0},"end":{"line":2,"column":59}},"2":{"start":{"line":4,"column":15},"end":{"line":4,"column":31}},"3":{"start":{"line":32,"column":0},"end":{"line":32,"column":50}},"4":{"start":{"line":56,"column":0},"end":{"line":56,"column":44}},"5":{"start":{"line":79,"column":0},"end":{"line":79,"column":53}},"6":{"start":{"line":108,"column":0},"end":{"line":108,"column":46}},"7":{"start":{"line":110,"column":0},"end":{"line":110,"column":22}}},"fnMap":{},"branchMap":{},"s":{"0":3,"1":3,"2":3,"3":3,"4":3,"5":3,"6":3,"7":3},"f":{},"b":{}}
,"/Users/shakedcrissy/Desktop/Assignment-2/Assignment-2/src/routes/commentsRoute.ts": {"path":"/Users/shakedcrissy/Desktop/Assignment-2/Assignment-2/src/routes/commentsRoute.ts","statementMap":{"0":{"start":{"line":1,"column":0},"end":{"line":1,"column":30}},"1":{"start":{"line":2,"column":0},"end":{"line":2,"column":67}},"2":{"start":{"line":3,"column":0},"end":{"line":3,"column":60}},"3":{"start":{"line":5,"column":15},"end":{"line":5,"column":31}},"4":{"start":{"line":46,"column":0},"end":{"line":46,"column":68}},"5":{"start":{"line":101,"column":0},"end":{"line":101,"column":72}},"6":{"start":{"line":162,"column":0},"end":{"line":162,"column":83}},"7":{"start":{"line":209,"column":0},"end":{"line":209,"column":85}},"8":{"start":{"line":283,"column":0},"end":{"line":283,"column":85}},"9":{"start":{"line":285,"column":0},"end":{"line":285,"column":22}}},"fnMap":{},"branchMap":{},"s":{"0":3,"1":3,"2":3,"3":3,"4":3,"5":3,"6":3,"7":3,"8":3,"9":3},"f":{},"b":{}}
,"/Users/shakedcrissy/Desktop/Assignment-2/Assignment-2/src/routes/postsRoute.ts": {"path":"/Users/shakedcrissy/Desktop/Assignment-2/Assignment-2/src/routes/postsRoute.ts","statementMap":{"0":{"start":{"line":1,"column":0},"end":{"line":1,"column":30}},"1":{"start":{"line":2,"column":0},"end":{"line":2,"column":61}},"2":{"start":{"line":3,"column":0},"end":{"line":3,"column":60}},"3":{"start":{"line":5,"column":15},"end":{"line":5,"column":31}},"4":{"start":{"line":26,"column":0},"end":{"line":26,"column":62}},"5":{"start":{"line":54,"column":0},"end":{"line":54,"column":66}},"6":{"start":{"line":79,"column":0},"end":{"line":79,"column":77}},"7":{"start":{"line":107,"column":0},"end":{"line":107,"column":79}},"8":{"start":{"line":141,"column":0},"end":{"line":141,"column":79}},"9":{"start":{"line":143,"column":0},"end":{"line":143,"column":22}}},"fnMap":{},"branchMap":{},"s":{"0":3,"1":3,"2":3,"3":3,"4":3,"5":3,"6":3,"7":3,"8":3,"9":3},"f":{},"b":{}}
,"/Users/shakedcrissy/Desktop/Assignment-2/Assignment-2/src/tests/utils.ts": {"path":"/Users/shakedcrissy/Desktop/Assignment-2/Assignment-2/src/tests/utils.ts","statementMap":{"0":{"start":{"line":1,"column":0},"end":{"line":1,"column":32}},"1":{"start":{"line":13,"column":13},"end":{"line":20,"column":2}},"2":{"start":{"line":22,"column":30},"end":{"line":50,"column":2}},"3":{"start":{"line":22,"column":72},"end":{"line":50,"column":2}},"4":{"start":{"line":23,"column":16},"end":{"line":23,"column":30}},"5":{"start":{"line":24,"column":19},"end":{"line":24,"column":36}},"6":{"start":{"line":25,"column":19},"end":{"line":25,"column":36}},"7":{"start":{"line":27,"column":17},"end":{"line":31,"column":4}},"8":{"start":{"line":33,"column":2},"end":{"line":38,"column":3}},"9":{"start":{"line":34,"column":4},"end":{"line":37,"column":7}},"10":{"start":{"line":40,"column":30},"end":{"line":47,"column":4}},"11":{"start":{"line":49,"column":2},"end":{"line":49,"column":19}},"12":{"start":{"line":22,"column":13},"end":{"line":22,"column":30}},"13":{"start":{"line":58,"column":13},"end":{"line":62,"column":2}}},"fnMap":{"0":{"name":"(anonymous_8)","decl":{"start":{"line":22,"column":30},"end":{"line":22,"column":37}},"loc":{"start":{"line":22,"column":72},"end":{"line":50,"column":2}}},"1":{"name":"(anonymous_9)","decl":{"start":{"line":22,"column":72},"end":{"line":22,"column":null}},"loc":{"start":{"line":22,"column":72},"end":{"line":50,"column":1}}}},"branchMap":{"0":{"loc":{"start":{"line":33,"column":2},"end":{"line":38,"column":3}},"type":"if","locations":[{"start":{"line":33,"column":2},"end":{"line":38,"column":3}}]}},"s":{"0":3,"1":3,"2":3,"3":2,"4":2,"5":2,"6":2,"7":2,"8":2,"9":1,"10":2,"11":2,"12":3,"13":3},"f":{"0":2,"1":2},"b":{"0":[1]}}
}
