TN:
SF:src/index.ts
FN:33,(anonymous_1)
FN:38,(anonymous_2)
FN:39,(anonymous_3)
FN:47,(anonymous_4)
FN:51,(anonymous_5)
FN:52,(anonymous_6)
FNF:6
FNH:4
FNDA:0,(anonymous_1)
FNDA:3,(anonymous_2)
FNDA:3,(anonymous_3)
FNDA:3,(anonymous_4)
FNDA:0,(anonymous_5)
FNDA:3,(anonymous_6)
DA:1,3
DA:2,3
DA:3,3
DA:4,3
DA:5,3
DA:6,3
DA:8,3
DA:11,3
DA:12,0
DA:16,3
DA:17,3
DA:20,3
DA:27,3
DA:28,3
DA:29,3
DA:30,3
DA:33,3
DA:34,0
DA:35,0
DA:38,3
DA:39,3
DA:40,3
DA:41,3
DA:42,0
DA:43,0
DA:45,3
DA:48,3
DA:50,3
DA:51,3
DA:52,3
DA:54,3
DA:57,3
LF:32
LH:27
BRDA:11,0,0,0
BRDA:41,1,0,0
BRF:2
BRH:0
end_of_record
TN:
SF:src/swagger.ts
FNF:0
FNH:0
DA:1,3
DA:2,3
DA:4,3
DA:209,3
DA:547,3
DA:559,3
DA:561,3
LF:7
LH:7
BRDA:18,0,0,3
BRDA:18,0,1,3
BRF:2
BRH:2
end_of_record
TN:
SF:src/controllers/authController.ts
FN:7,(anonymous_8)
FN:16,(anonymous_9)
FN:45,(anonymous_10)
FN:45,(anonymous_11)
FN:76,(anonymous_12)
FN:76,(anonymous_13)
FN:104,(anonymous_14)
FN:104,(anonymous_15)
FN:133,(anonymous_16)
FN:144,(anonymous_17)
FN:144,(anonymous_18)
FN:166,(anonymous_19)
FNF:12
FNH:12
FNDA:16,(anonymous_8)
FNDA:7,(anonymous_9)
FNDA:7,(anonymous_10)
FNDA:7,(anonymous_11)
FNDA:7,(anonymous_12)
FNDA:7,(anonymous_13)
FNDA:7,(anonymous_14)
FNDA:7,(anonymous_15)
FNDA:3,(anonymous_16)
FNDA:3,(anonymous_17)
FNDA:3,(anonymous_18)
FNDA:2,(anonymous_19)
DA:2,3
DA:3,3
DA:5,3
DA:7,3
DA:8,16
DA:16,3
DA:17,7
DA:18,7
DA:19,0
DA:23,7
DA:26,7
DA:28,7
DA:34,7
DA:36,7
DA:42,7
DA:45,7
DA:46,7
DA:48,7
DA:49,2
DA:52,5
DA:53,5
DA:54,5
DA:56,5
DA:63,2
DA:64,2
DA:65,2
DA:67,2
DA:72,3
DA:76,7
DA:77,7
DA:79,7
DA:80,2
DA:83,5
DA:84,5
DA:85,5
DA:86,1
DA:89,4
DA:90,4
DA:91,1
DA:94,3
DA:95,3
DA:96,3
DA:98,3
DA:100,0
DA:104,7
DA:105,7
DA:107,7
DA:108,1
DA:111,6
DA:112,6
DA:113,0
DA:116,6
DA:117,6
DA:118,5
DA:120,5
DA:121,0
DA:124,5
DA:125,3
DA:126,3
DA:127,3
DA:130,2
DA:132,2
DA:133,3
DA:135,2
DA:136,2
DA:138,2
DA:140,1
DA:144,3
DA:145,3
DA:147,3
DA:148,1
DA:151,2
DA:152,2
DA:153,0
DA:156,2
DA:157,2
DA:158,1
DA:160,1
DA:161,0
DA:164,1
DA:165,1
DA:166,2
DA:169,1
DA:170,0
DA:173,1
DA:174,1
DA:176,1
DA:180,3
LF:88
LH:81
BRDA:18,0,0,0
BRDA:23,1,0,7
BRDA:23,1,1,0
BRDA:26,2,0,7
BRDA:26,2,1,7
BRDA:48,3,0,2
BRDA:48,4,0,7
BRDA:48,4,1,6
BRDA:79,5,0,2
BRDA:79,6,0,7
BRDA:79,6,1,6
BRDA:85,7,0,1
BRDA:90,8,0,1
BRDA:107,9,0,1
BRDA:112,10,0,0
BRDA:120,11,0,0
BRDA:124,12,0,3
BRDA:147,13,0,1
BRDA:152,14,0,0
BRDA:160,15,0,0
BRDA:169,16,0,0
BRF:21
BRH:14
end_of_record
TN:
SF:src/controllers/baseController.ts
FN:6,(anonymous_7)
FN:10,(anonymous_8)
FN:23,(anonymous_10)
FN:40,(anonymous_12)
FN:52,(anonymous_14)
FN:65,(anonymous_16)
FNF:6
FNH:6
FNDA:6,(anonymous_7)
FNDA:5,(anonymous_8)
FNDA:5,(anonymous_10)
FNDA:9,(anonymous_12)
FNDA:2,(anonymous_14)
FNDA:2,(anonymous_16)
DA:7,6
DA:11,5
DA:12,5
DA:13,5
DA:14,5
DA:15,5
DA:17,0
DA:18,0
DA:19,0
DA:24,5
DA:25,5
DA:26,5
DA:27,5
DA:28,3
DA:29,3
DA:31,2
DA:32,2
DA:34,0
DA:35,0
DA:36,0
DA:41,9
DA:42,9
DA:43,9
DA:44,9
DA:46,0
DA:47,0
DA:48,0
DA:53,2
DA:54,2
DA:55,2
DA:56,2
DA:57,2
DA:59,0
DA:60,0
DA:61,0
DA:66,2
DA:67,2
DA:68,2
DA:69,2
DA:70,2
DA:72,0
DA:73,0
DA:74,0
DA:79,3
LF:44
LH:29
BRDA:12,0,0,5
BRDA:12,0,1,0
BRDA:13,1,0,1
BRDA:13,1,1,4
BRDA:27,2,0,3
BRF:5
BRH:4
end_of_record
TN:
SF:src/controllers/commentsController.ts
FN:7,(anonymous_8)
FN:11,(anonymous_9)
FN:18,(anonymous_12)
FN:43,(anonymous_15)
FNF:4
FNH:4
FNDA:3,(anonymous_8)
FNDA:4,(anonymous_9)
FNDA:2,(anonymous_12)
FNDA:2,(anonymous_15)
DA:1,3
DA:3,3
DA:8,3
DA:12,4
DA:13,4
DA:15,4
DA:19,2
DA:21,2
DA:22,2
DA:23,2
DA:24,1
DA:25,1
DA:28,1
DA:29,1
DA:30,1
DA:32,0
DA:35,0
DA:38,0
DA:39,0
DA:44,2
DA:46,2
DA:47,2
DA:48,2
DA:49,1
DA:50,1
DA:53,1
DA:54,0
DA:57,0
DA:60,1
DA:64,0
DA:65,0
DA:68,1
DA:69,1
DA:71,0
DA:72,0
DA:77,3
LF:36
LH:26
BRDA:12,0,0,4
BRDA:23,1,0,1
BRDA:28,2,0,1
BRDA:28,2,1,0
BRDA:28,3,0,1
BRDA:28,3,1,1
BRDA:48,4,0,1
BRDA:53,5,0,0
BRDA:53,6,0,1
BRDA:53,6,1,1
BRDA:60,7,0,0
BRDA:61,8,0,1
BRDA:61,8,1,0
BRF:13
BRH:9
end_of_record
TN:
SF:src/controllers/postsController.ts
FN:7,(anonymous_8)
FN:11,(anonymous_9)
FN:21,(anonymous_12)
FN:49,(anonymous_15)
FNF:4
FNH:4
FNDA:3,(anonymous_8)
FNDA:5,(anonymous_9)
FNDA:1,(anonymous_12)
FNDA:1,(anonymous_15)
DA:1,3
DA:3,3
DA:8,3
DA:12,5
DA:14,5
DA:15,5
DA:18,5
DA:22,1
DA:23,1
DA:25,1
DA:26,1
DA:27,1
DA:28,0
DA:29,0
DA:32,1
DA:33,1
DA:35,1
DA:36,1
DA:37,1
DA:40,0
DA:41,0
DA:43,0
DA:44,0
DA:45,0
DA:50,1
DA:51,1
DA:53,1
DA:54,1
DA:55,1
DA:56,0
DA:57,0
DA:60,1
DA:61,1
DA:63,1
DA:64,0
DA:65,0
DA:68,1
DA:69,0
DA:70,0
DA:73,1
DA:75,1
DA:76,1
DA:78,0
DA:79,0
DA:80,0
DA:85,3
LF:46
LH:30
BRDA:14,0,0,5
BRDA:27,1,0,0
BRDA:32,2,0,0
BRDA:32,2,1,1
BRDA:32,3,0,1
BRDA:32,3,1,1
BRDA:32,4,0,0
BRDA:32,4,1,1
BRDA:32,5,0,1
BRDA:32,5,1,1
BRDA:33,6,0,1
BRDA:33,6,1,0
BRDA:33,7,0,1
BRDA:33,7,1,1
BRDA:33,8,0,0
BRDA:33,8,1,1
BRDA:33,9,0,1
BRDA:33,9,1,1
BRDA:33,10,0,0
BRDA:33,10,1,1
BRDA:33,11,0,1
BRDA:33,11,1,1
BRDA:33,12,0,0
BRDA:33,12,1,1
BRDA:33,13,0,1
BRDA:33,13,1,1
BRDA:33,14,0,0
BRDA:33,14,1,0
BRDA:33,15,0,0
BRDA:33,15,1,0
BRDA:35,16,0,1
BRDA:35,17,0,1
BRDA:35,17,1,1
BRDA:55,18,0,0
BRDA:60,19,0,0
BRDA:60,19,1,1
BRDA:60,20,0,1
BRDA:60,20,1,1
BRDA:60,21,0,0
BRDA:60,21,1,1
BRDA:60,22,0,1
BRDA:60,22,1,1
BRDA:61,23,0,1
BRDA:61,23,1,0
BRDA:61,24,0,1
BRDA:61,24,1,1
BRDA:61,25,0,0
BRDA:61,25,1,1
BRDA:61,26,0,1
BRDA:61,26,1,1
BRDA:61,27,0,0
BRDA:61,27,1,1
BRDA:61,28,0,1
BRDA:61,28,1,1
BRDA:61,29,0,0
BRDA:61,29,1,1
BRDA:61,30,0,1
BRDA:61,30,1,1
BRDA:61,31,0,0
BRDA:61,31,1,0
BRDA:61,32,0,0
BRDA:61,32,1,0
BRDA:63,33,0,0
BRDA:63,34,0,1
BRDA:63,34,1,1
BRDA:68,35,0,0
BRDA:68,36,0,1
BRDA:68,36,1,0
BRDA:68,37,0,0
BRDA:68,37,1,1
BRDA:68,38,0,1
BRDA:68,38,1,1
BRF:72
BRH:46
end_of_record
TN:
SF:src/middleware/authMiddleware.ts
FN:7,(anonymous_1)
FNF:1
FNH:1
FNDA:22,(anonymous_1)
DA:2,3
DA:7,3
DA:8,22
DA:9,22
DA:10,4
DA:12,18
DA:13,18
DA:14,0
DA:16,18
DA:17,18
DA:18,18
DA:19,15
DA:20,15
DA:22,3
LF:14
LH:13
BRDA:9,0,0,4
BRDA:9,1,0,22
BRDA:9,1,1,18
BRDA:13,2,0,0
BRDA:16,3,0,18
BRDA:16,3,1,0
BRF:6
BRH:4
end_of_record
TN:
SF:src/models/commentModel.ts
FNF:0
FNH:0
DA:1,3
DA:3,3
DA:20,3
LF:3
LH:3
BRF:0
BRH:0
end_of_record
TN:
SF:src/models/postModel.ts
FNF:0
FNH:0
DA:1,3
DA:3,3
DA:23,3
LF:3
LH:3
BRF:0
BRH:0
end_of_record
TN:
SF:src/models/userModel.ts
FNF:0
FNH:0
DA:1,3
DA:3,3
DA:25,3
LF:3
LH:3
BRF:0
BRH:0
end_of_record
TN:
SF:src/routes/authRoute.ts
FNF:0
FNH:0
DA:1,3
DA:2,3
DA:4,3
DA:32,3
DA:56,3
DA:79,3
DA:108,3
DA:110,3
LF:8
LH:8
BRF:0
BRH:0
end_of_record
TN:
SF:src/routes/commentsRoute.ts
FNF:0
FNH:0
DA:1,3
DA:2,3
DA:3,3
DA:5,3
DA:46,3
DA:101,3
DA:162,3
DA:209,3
DA:283,3
DA:285,3
LF:10
LH:10
BRF:0
BRH:0
end_of_record
TN:
SF:src/routes/postsRoute.ts
FNF:0
FNH:0
DA:1,3
DA:2,3
DA:3,3
DA:5,3
DA:26,3
DA:54,3
DA:79,3
DA:107,3
DA:141,3
DA:143,3
LF:10
LH:10
BRF:0
BRH:0
end_of_record
TN:
SF:src/tests/utils.ts
FN:22,(anonymous_8)
FN:22,(anonymous_9)
FNF:2
FNH:2
FNDA:2,(anonymous_8)
FNDA:2,(anonymous_9)
DA:1,3
DA:13,3
DA:22,3
DA:23,2
DA:24,2
DA:25,2
DA:27,2
DA:33,2
DA:34,1
DA:40,2
DA:49,2
DA:58,3
LF:12
LH:12
BRDA:33,0,0,1
BRF:1
BRH:1
end_of_record
